2025-07-21T18:14:21.775-05:00  INFO 19708 --- [restartedMain] c.p.t.TechwarehouseApplication           : Starting TechwarehouseApplication using Java 17.0.12 with PID 19708 (C:\Users\vakap\Downloads\Full-Stack-Web-Deveploment\Laptop databe project\techwarehouse\bin\main started by vakap in C:\Users\vakap\Downloads\Full-Stack-Web-Deveploment\Laptop databe project\techwarehouse)
2025-07-21T18:14:21.800-05:00  INFO 19708 --- [restartedMain] c.p.t.TechwarehouseApplication           : No active profile set, falling back to 1 default profile: "default"
2025-07-21T18:14:22.073-05:00  INFO 19708 --- [restartedMain] .e.DevToolsPropertyDefaultsPostProcessor : Devtools property defaults active! Set 'spring.devtools.add-properties' to 'false' to disable
2025-07-21T18:14:22.076-05:00  INFO 19708 --- [restartedMain] .e.DevToolsPropertyDefaultsPostProcessor : For additional web related logging consider setting the 'logging.level.web' property to 'DEBUG'
2025-07-21T18:14:28.544-05:00  INFO 19708 --- [restartedMain] .s.d.r.c.RepositoryConfigurationDelegate : Bootstrapping Spring Data JPA repositories in DEFAULT mode.
2025-07-21T18:14:28.760-05:00  INFO 19708 --- [restartedMain] .s.d.r.c.RepositoryConfigurationDelegate : Finished Spring Data repository scanning in 182 ms. Found 3 JPA repository interfaces.
2025-07-21T18:14:33.401-05:00  INFO 19708 --- [restartedMain] o.s.b.w.embedded.tomcat.TomcatWebServer  : Tomcat initialized with port(s): 8080 (http)
2025-07-21T18:14:33.474-05:00  INFO 19708 --- [restartedMain] o.apache.catalina.core.StandardService   : Starting service [Tomcat]
2025-07-21T18:14:33.475-05:00  INFO 19708 --- [restartedMain] o.apache.catalina.core.StandardEngine    : Starting Servlet engine: [Apache Tomcat/10.1.13]
2025-07-21T18:14:33.915-05:00  INFO 19708 --- [restartedMain] o.a.c.c.C.[Tomcat].[localhost].[/]       : Initializing Spring embedded WebApplicationContext
2025-07-21T18:14:33.919-05:00  INFO 19708 --- [restartedMain] w.s.c.ServletWebServerApplicationContext : Root WebApplicationContext: initialization completed in 11833 ms
2025-07-21T18:14:34.820-05:00  INFO 19708 --- [restartedMain] o.hibernate.jpa.internal.util.LogHelper  : HHH000204: Processing PersistenceUnitInfo [name: default]
2025-07-21T18:14:35.098-05:00  INFO 19708 --- [restartedMain] org.hibernate.Version                    : HHH000412: Hibernate ORM core version 6.2.9.Final
2025-07-21T18:14:35.120-05:00  INFO 19708 --- [restartedMain] org.hibernate.cfg.Environment            : HHH000406: Using bytecode reflection optimizer
2025-07-21T18:14:36.101-05:00  INFO 19708 --- [restartedMain] o.h.b.i.BytecodeProviderInitiator        : HHH000021: Bytecode provider name : bytebuddy
2025-07-21T18:14:36.830-05:00  INFO 19708 --- [restartedMain] o.s.o.j.p.SpringPersistenceUnitInfo      : No LoadTimeWeaver setup: ignoring JPA class transformer
2025-07-21T18:14:36.932-05:00  INFO 19708 --- [restartedMain] com.zaxxer.hikari.HikariDataSource       : HikariPool-1 - Starting...
2025-07-21T18:14:37.500-05:00  INFO 19708 --- [restartedMain] com.zaxxer.hikari.pool.HikariPool        : HikariPool-1 - Added connection org.mariadb.jdbc.Connection@6806a2b9
2025-07-21T18:14:37.511-05:00  INFO 19708 --- [restartedMain] com.zaxxer.hikari.HikariDataSource       : HikariPool-1 - Start completed.
2025-07-21T18:14:38.824-05:00  INFO 19708 --- [restartedMain] o.h.b.i.BytecodeProviderInitiator        : HHH000021: Bytecode provider name : bytebuddy
2025-07-21T18:14:40.727-05:00  INFO 19708 --- [restartedMain] o.h.e.t.j.p.i.JtaPlatformInitiator       : HHH000490: Using JtaPlatform implementation: [org.hibernate.engine.transaction.jta.platform.internal.NoJtaPlatform]
2025-07-21T18:14:40.969-05:00  INFO 19708 --- [restartedMain] j.LocalContainerEntityManagerFactoryBean : Initialized JPA EntityManagerFactory for persistence unit 'default'
2025-07-21T18:14:42.523-05:00  WARN 19708 --- [restartedMain] ocalVariableTableParameterNameDiscoverer : Using deprecated '-debug' fallback for parameter name resolution. Compile the affected code with '-parameters' instead or avoid its introspection: com.pack.techwarehouse.domain.AppUserRepository
2025-07-21T18:14:43.287-05:00  WARN 19708 --- [restartedMain] JpaBaseConfiguration$JpaWebConfiguration : spring.jpa.open-in-view is enabled by default. Therefore, database queries may be performed during view rendering. Explicitly configure spring.jpa.open-in-view to disable this warning
2025-07-21T18:14:45.916-05:00  WARN 19708 --- [restartedMain] .s.s.UserDetailsServiceAutoConfiguration : 

Using generated security password: c9e75f09-af8c-41d1-97c6-255a923943ac

This generated password is for development use only. Your security configuration must be updated before running your application in production.

2025-07-21T18:14:46.463-05:00  INFO 19708 --- [restartedMain] o.s.s.web.DefaultSecurityFilterChain     : Will secure any request with [org.springframework.security.web.session.DisableEncodeUrlFilter@2c4537e8, org.springframework.security.web.context.request.async.WebAsyncManagerIntegrationFilter@5a81806d, org.springframework.security.web.context.SecurityContextHolderFilter@1d05b8ab, org.springframework.security.web.header.HeaderWriterFilter@73e84b84, org.springframework.security.web.csrf.CsrfFilter@12be10a2, org.springframework.security.web.authentication.logout.LogoutFilter@7aef78f1, org.springframework.security.web.authentication.UsernamePasswordAuthenticationFilter@2b2a2e3e, org.springframework.security.web.authentication.ui.DefaultLoginPageGeneratingFilter@6bee2227, org.springframework.security.web.authentication.ui.DefaultLogoutPageGeneratingFilter@4230fed4, org.springframework.security.web.authentication.www.BasicAuthenticationFilter@65f2680d, org.springframework.security.web.savedrequest.RequestCacheAwareFilter@4adf87c3, org.springframework.security.web.servletapi.SecurityContextHolderAwareRequestFilter@23b33dc3, org.springframework.security.web.authentication.AnonymousAuthenticationFilter@6a315ef6, org.springframework.security.web.access.ExceptionTranslationFilter@4a723cc3, org.springframework.security.web.access.intercept.AuthorizationFilter@53bb2e]
2025-07-21T18:14:46.635-05:00  INFO 19708 --- [restartedMain] o.s.b.d.a.OptionalLiveReloadServer       : LiveReload server is running on port 35729
2025-07-21T18:14:46.798-05:00  INFO 19708 --- [restartedMain] o.s.b.w.embedded.tomcat.TomcatWebServer  : Tomcat started on port(s): 8080 (http) with context path ''
2025-07-21T18:14:46.872-05:00  INFO 19708 --- [restartedMain] c.p.t.TechwarehouseApplication           : Started TechwarehouseApplication in 25.896 seconds (process running for 26.684)
2025-07-21T18:14:47.898-05:00  INFO 19708 --- [restartedMain] c.p.t.TechwarehouseApplication           : serialNumber: 3f6d9c7a-e1b4-4cfe-9b4b-8fc7a556a3cz, id: 1
2025-07-21T18:14:47.899-05:00  INFO 19708 --- [restartedMain] c.p.t.TechwarehouseApplication           : serialNumber: 9f6d9c7a-a2b4-4cfe-9b4b-8fc7a556a3dk, id: 2
2025-07-21T18:14:47.899-05:00  INFO 19708 --- [restartedMain] c.p.t.TechwarehouseApplication           : serialNumber: 7d6d9c7a-a2b4-4cfe-9b4b-8fc7a556a3np, id: 3
2025-07-21T18:14:47.900-05:00  INFO 19708 --- [restartedMain] c.p.t.TechwarehouseApplication           : serialNumber: 6d6d9c7a-a2b4-4cfe-9b4b-8fc7a556a3ea, id: 4
2025-07-21T18:14:47.900-05:00  INFO 19708 --- [restartedMain] c.p.t.TechwarehouseApplication           : serialNumber: 8a6d9c7a-a2b4-4cfe-9b4b-8fc7a556a3df, id: 5
2025-07-21T18:15:34.495-05:00  INFO 19708 --- [http-nio-8080-exec-1] o.a.c.c.C.[Tomcat].[localhost].[/]       : Initializing Spring DispatcherServlet 'dispatcherServlet'
2025-07-21T18:15:34.508-05:00  INFO 19708 --- [http-nio-8080-exec-1] o.s.web.servlet.DispatcherServlet        : Initializing Servlet 'dispatcherServlet'
2025-07-21T18:15:34.515-05:00  INFO 19708 --- [http-nio-8080-exec-1] o.s.web.servlet.DispatcherServlet        : Completed initialization in 6 ms
2025-07-21T18:15:34.741-05:00  WARN 19708 --- [http-nio-8080-exec-1] o.a.c.util.SessionIdGeneratorBase        : Creation of SecureRandom instance for session ID generation using [SHA1PRNG] took [113] milliseconds.
2025-07-21T18:19:35.037-05:00  INFO 7332 --- [restartedMain] c.p.t.TechwarehouseApplication           : Starting TechwarehouseApplication using Java 17.0.12 with PID 7332 (C:\Users\vakap\Downloads\Full-Stack-Web-Deveploment\Laptop databe project\techwarehouse\bin\main started by vakap in C:\Users\vakap\Downloads\Full-Stack-Web-Deveploment\Laptop databe project\techwarehouse)
2025-07-21T18:19:35.051-05:00  INFO 7332 --- [restartedMain] c.p.t.TechwarehouseApplication           : No active profile set, falling back to 1 default profile: "default"
2025-07-21T18:19:35.417-05:00  INFO 7332 --- [restartedMain] .e.DevToolsPropertyDefaultsPostProcessor : Devtools property defaults active! Set 'spring.devtools.add-properties' to 'false' to disable
2025-07-21T18:19:35.418-05:00  INFO 7332 --- [restartedMain] .e.DevToolsPropertyDefaultsPostProcessor : For additional web related logging consider setting the 'logging.level.web' property to 'DEBUG'
2025-07-21T18:19:42.202-05:00  INFO 7332 --- [restartedMain] .s.d.r.c.RepositoryConfigurationDelegate : Bootstrapping Spring Data JPA repositories in DEFAULT mode.
2025-07-21T18:19:42.536-05:00  INFO 7332 --- [restartedMain] .s.d.r.c.RepositoryConfigurationDelegate : Finished Spring Data repository scanning in 275 ms. Found 3 JPA repository interfaces.
2025-07-21T18:19:48.311-05:00  INFO 7332 --- [restartedMain] o.s.b.w.embedded.tomcat.TomcatWebServer  : Tomcat initialized with port(s): 8080 (http)
2025-07-21T18:19:48.488-05:00  INFO 7332 --- [restartedMain] o.apache.catalina.core.StandardService   : Starting service [Tomcat]
2025-07-21T18:19:48.493-05:00  INFO 7332 --- [restartedMain] o.apache.catalina.core.StandardEngine    : Starting Servlet engine: [Apache Tomcat/10.1.13]
2025-07-21T18:19:49.245-05:00  INFO 7332 --- [restartedMain] o.a.c.c.C.[Tomcat].[localhost].[/]       : Initializing Spring embedded WebApplicationContext
2025-07-21T18:19:49.250-05:00  INFO 7332 --- [restartedMain] w.s.c.ServletWebServerApplicationContext : Root WebApplicationContext: initialization completed in 13825 ms
2025-07-21T18:19:50.336-05:00  INFO 7332 --- [restartedMain] o.hibernate.jpa.internal.util.LogHelper  : HHH000204: Processing PersistenceUnitInfo [name: default]
2025-07-21T18:19:50.729-05:00  INFO 7332 --- [restartedMain] org.hibernate.Version                    : HHH000412: Hibernate ORM core version 6.2.9.Final
2025-07-21T18:19:50.738-05:00  INFO 7332 --- [restartedMain] org.hibernate.cfg.Environment            : HHH000406: Using bytecode reflection optimizer
2025-07-21T18:19:51.585-05:00  INFO 7332 --- [restartedMain] o.h.b.i.BytecodeProviderInitiator        : HHH000021: Bytecode provider name : bytebuddy
2025-07-21T18:19:52.357-05:00  INFO 7332 --- [restartedMain] o.s.o.j.p.SpringPersistenceUnitInfo      : No LoadTimeWeaver setup: ignoring JPA class transformer
2025-07-21T18:19:52.422-05:00  INFO 7332 --- [restartedMain] com.zaxxer.hikari.HikariDataSource       : HikariPool-1 - Starting...
2025-07-21T18:19:52.946-05:00  INFO 7332 --- [restartedMain] com.zaxxer.hikari.pool.HikariPool        : HikariPool-1 - Added connection org.mariadb.jdbc.Connection@6be90681
2025-07-21T18:19:52.957-05:00  INFO 7332 --- [restartedMain] com.zaxxer.hikari.HikariDataSource       : HikariPool-1 - Start completed.
2025-07-21T18:19:53.796-05:00  INFO 7332 --- [restartedMain] o.h.b.i.BytecodeProviderInitiator        : HHH000021: Bytecode provider name : bytebuddy
2025-07-21T18:19:55.482-05:00  INFO 7332 --- [restartedMain] o.h.e.t.j.p.i.JtaPlatformInitiator       : HHH000490: Using JtaPlatform implementation: [org.hibernate.engine.transaction.jta.platform.internal.NoJtaPlatform]
2025-07-21T18:19:55.741-05:00  INFO 7332 --- [restartedMain] j.LocalContainerEntityManagerFactoryBean : Initialized JPA EntityManagerFactory for persistence unit 'default'
2025-07-21T18:19:56.985-05:00  WARN 7332 --- [restartedMain] ocalVariableTableParameterNameDiscoverer : Using deprecated '-debug' fallback for parameter name resolution. Compile the affected code with '-parameters' instead or avoid its introspection: com.pack.techwarehouse.domain.AppUserRepository
2025-07-21T18:19:57.630-05:00  WARN 7332 --- [restartedMain] JpaBaseConfiguration$JpaWebConfiguration : spring.jpa.open-in-view is enabled by default. Therefore, database queries may be performed during view rendering. Explicitly configure spring.jpa.open-in-view to disable this warning
2025-07-21T18:19:58.283-05:00  INFO 7332 --- [restartedMain] o.s.s.web.DefaultSecurityFilterChain     : Will secure any request with [org.springframework.security.web.session.DisableEncodeUrlFilter@6f96fb13, org.springframework.security.web.context.request.async.WebAsyncManagerIntegrationFilter@58906f28, org.springframework.security.web.context.SecurityContextHolderFilter@6d874974, org.springframework.security.web.header.HeaderWriterFilter@644e90cc, org.springframework.security.web.csrf.CsrfFilter@1ce72a3f, org.springframework.security.web.authentication.logout.LogoutFilter@60641fb3, org.springframework.security.web.authentication.UsernamePasswordAuthenticationFilter@5e76b343, org.springframework.security.web.authentication.ui.DefaultLoginPageGeneratingFilter@1e14b53b, org.springframework.security.web.authentication.ui.DefaultLogoutPageGeneratingFilter@7c5f99a2, org.springframework.security.web.authentication.www.BasicAuthenticationFilter@6b620e1, org.springframework.security.web.savedrequest.RequestCacheAwareFilter@2540c1e9, org.springframework.security.web.servletapi.SecurityContextHolderAwareRequestFilter@9032b71, org.springframework.security.web.authentication.AnonymousAuthenticationFilter@570cc2a0, org.springframework.security.web.access.ExceptionTranslationFilter@46a32b5, org.springframework.security.web.access.intercept.AuthorizationFilter@5e00086]
2025-07-21T18:20:01.116-05:00  INFO 7332 --- [restartedMain] o.s.b.d.a.OptionalLiveReloadServer       : LiveReload server is running on port 35729
2025-07-21T18:20:01.287-05:00  INFO 7332 --- [restartedMain] o.s.b.w.embedded.tomcat.TomcatWebServer  : Tomcat started on port(s): 8080 (http) with context path ''
2025-07-21T18:20:01.345-05:00  INFO 7332 --- [restartedMain] c.p.t.TechwarehouseApplication           : Started TechwarehouseApplication in 27.94 seconds (process running for 29.86)
2025-07-21T18:20:02.423-05:00  INFO 7332 --- [restartedMain] c.p.t.TechwarehouseApplication           : serialNumber: 3f6d9c7a-e1b4-4cfe-9b4b-8fc7a556a3cz, id: 1
2025-07-21T18:20:02.424-05:00  INFO 7332 --- [restartedMain] c.p.t.TechwarehouseApplication           : serialNumber: 9f6d9c7a-a2b4-4cfe-9b4b-8fc7a556a3dk, id: 2
2025-07-21T18:20:02.425-05:00  INFO 7332 --- [restartedMain] c.p.t.TechwarehouseApplication           : serialNumber: 7d6d9c7a-a2b4-4cfe-9b4b-8fc7a556a3np, id: 3
2025-07-21T18:20:02.426-05:00  INFO 7332 --- [restartedMain] c.p.t.TechwarehouseApplication           : serialNumber: 6d6d9c7a-a2b4-4cfe-9b4b-8fc7a556a3ea, id: 4
2025-07-21T18:20:02.427-05:00  INFO 7332 --- [restartedMain] c.p.t.TechwarehouseApplication           : serialNumber: 8a6d9c7a-a2b4-4cfe-9b4b-8fc7a556a3df, id: 5
2025-07-21T18:20:08.713-05:00  INFO 7332 --- [http-nio-8080-exec-1] o.a.c.c.C.[Tomcat].[localhost].[/]       : Initializing Spring DispatcherServlet 'dispatcherServlet'
2025-07-21T18:20:08.713-05:00  INFO 7332 --- [http-nio-8080-exec-1] o.s.web.servlet.DispatcherServlet        : Initializing Servlet 'dispatcherServlet'
2025-07-21T18:20:08.716-05:00  INFO 7332 --- [http-nio-8080-exec-1] o.s.web.servlet.DispatcherServlet        : Completed initialization in 3 ms
2025-07-21T18:20:53.624-05:00  INFO 14616 --- [restartedMain] c.p.t.TechwarehouseApplication           : Starting TechwarehouseApplication using Java 17.0.12 with PID 14616 (C:\Users\vakap\Downloads\Full-Stack-Web-Deveploment\Laptop databe project\techwarehouse\bin\main started by vakap in C:\Users\vakap\Downloads\Full-Stack-Web-Deveploment\Laptop databe project\techwarehouse)
2025-07-21T18:20:53.632-05:00  INFO 14616 --- [restartedMain] c.p.t.TechwarehouseApplication           : No active profile set, falling back to 1 default profile: "default"
2025-07-21T18:20:53.796-05:00  INFO 14616 --- [restartedMain] .e.DevToolsPropertyDefaultsPostProcessor : Devtools property defaults active! Set 'spring.devtools.add-properties' to 'false' to disable
2025-07-21T18:20:53.797-05:00  INFO 14616 --- [restartedMain] .e.DevToolsPropertyDefaultsPostProcessor : For additional web related logging consider setting the 'logging.level.web' property to 'DEBUG'
2025-07-21T18:20:58.527-05:00  INFO 14616 --- [restartedMain] .s.d.r.c.RepositoryConfigurationDelegate : Bootstrapping Spring Data JPA repositories in DEFAULT mode.
2025-07-21T18:20:58.800-05:00  INFO 14616 --- [restartedMain] .s.d.r.c.RepositoryConfigurationDelegate : Finished Spring Data repository scanning in 216 ms. Found 3 JPA repository interfaces.
2025-07-21T18:21:02.315-05:00  INFO 14616 --- [restartedMain] o.s.b.w.embedded.tomcat.TomcatWebServer  : Tomcat initialized with port(s): 8080 (http)
2025-07-21T18:21:02.348-05:00  INFO 14616 --- [restartedMain] o.apache.catalina.core.StandardService   : Starting service [Tomcat]
2025-07-21T18:21:02.349-05:00  INFO 14616 --- [restartedMain] o.apache.catalina.core.StandardEngine    : Starting Servlet engine: [Apache Tomcat/10.1.13]
2025-07-21T18:21:02.665-05:00  INFO 14616 --- [restartedMain] o.a.c.c.C.[Tomcat].[localhost].[/]       : Initializing Spring embedded WebApplicationContext
2025-07-21T18:21:02.666-05:00  INFO 14616 --- [restartedMain] w.s.c.ServletWebServerApplicationContext : Root WebApplicationContext: initialization completed in 8867 ms
2025-07-21T18:21:03.545-05:00  INFO 14616 --- [restartedMain] o.hibernate.jpa.internal.util.LogHelper  : HHH000204: Processing PersistenceUnitInfo [name: default]
2025-07-21T18:21:03.878-05:00  INFO 14616 --- [restartedMain] org.hibernate.Version                    : HHH000412: Hibernate ORM core version 6.2.9.Final
2025-07-21T18:21:03.892-05:00  INFO 14616 --- [restartedMain] org.hibernate.cfg.Environment            : HHH000406: Using bytecode reflection optimizer
2025-07-21T18:21:04.624-05:00  INFO 14616 --- [restartedMain] o.h.b.i.BytecodeProviderInitiator        : HHH000021: Bytecode provider name : bytebuddy
2025-07-21T18:21:05.122-05:00  INFO 14616 --- [restartedMain] o.s.o.j.p.SpringPersistenceUnitInfo      : No LoadTimeWeaver setup: ignoring JPA class transformer
2025-07-21T18:21:05.187-05:00  INFO 14616 --- [restartedMain] com.zaxxer.hikari.HikariDataSource       : HikariPool-1 - Starting...
2025-07-21T18:21:05.612-05:00  INFO 14616 --- [restartedMain] com.zaxxer.hikari.pool.HikariPool        : HikariPool-1 - Added connection org.mariadb.jdbc.Connection@67f0962b
2025-07-21T18:21:05.620-05:00  INFO 14616 --- [restartedMain] com.zaxxer.hikari.HikariDataSource       : HikariPool-1 - Start completed.
2025-07-21T18:21:07.052-05:00  INFO 14616 --- [restartedMain] o.h.b.i.BytecodeProviderInitiator        : HHH000021: Bytecode provider name : bytebuddy
2025-07-21T18:21:09.355-05:00  INFO 14616 --- [restartedMain] o.h.e.t.j.p.i.JtaPlatformInitiator       : HHH000490: Using JtaPlatform implementation: [org.hibernate.engine.transaction.jta.platform.internal.NoJtaPlatform]
2025-07-21T18:21:09.583-05:00  INFO 14616 --- [restartedMain] j.LocalContainerEntityManagerFactoryBean : Initialized JPA EntityManagerFactory for persistence unit 'default'
2025-07-21T18:21:11.214-05:00  WARN 14616 --- [restartedMain] ocalVariableTableParameterNameDiscoverer : Using deprecated '-debug' fallback for parameter name resolution. Compile the affected code with '-parameters' instead or avoid its introspection: com.pack.techwarehouse.domain.AppUserRepository
2025-07-21T18:21:11.891-05:00  WARN 14616 --- [restartedMain] JpaBaseConfiguration$JpaWebConfiguration : spring.jpa.open-in-view is enabled by default. Therefore, database queries may be performed during view rendering. Explicitly configure spring.jpa.open-in-view to disable this warning
2025-07-21T18:21:12.670-05:00  INFO 14616 --- [restartedMain] o.s.s.web.DefaultSecurityFilterChain     : Will secure any request with [org.springframework.security.web.session.DisableEncodeUrlFilter@45c6fb94, org.springframework.security.web.context.request.async.WebAsyncManagerIntegrationFilter@34427d09, org.springframework.security.web.context.SecurityContextHolderFilter@7cc0eed1, org.springframework.security.web.header.HeaderWriterFilter@7f13df81, org.springframework.security.web.csrf.CsrfFilter@7af60f6e, org.springframework.security.web.authentication.logout.LogoutFilter@43f41de4, org.springframework.security.web.authentication.UsernamePasswordAuthenticationFilter@615d012, org.springframework.security.web.authentication.ui.DefaultLoginPageGeneratingFilter@738e3a97, org.springframework.security.web.authentication.ui.DefaultLogoutPageGeneratingFilter@4b288a7f, org.springframework.security.web.authentication.www.BasicAuthenticationFilter@daf8b5e, org.springframework.security.web.savedrequest.RequestCacheAwareFilter@729209be, org.springframework.security.web.servletapi.SecurityContextHolderAwareRequestFilter@53f107ec, org.springframework.security.web.authentication.AnonymousAuthenticationFilter@68299b13, org.springframework.security.web.access.ExceptionTranslationFilter@75cf26bb, org.springframework.security.web.access.intercept.AuthorizationFilter@46c21aca]
2025-07-21T18:21:15.827-05:00  INFO 14616 --- [restartedMain] o.s.b.d.a.OptionalLiveReloadServer       : LiveReload server is running on port 35729
2025-07-21T18:21:15.990-05:00  INFO 14616 --- [restartedMain] o.s.b.w.embedded.tomcat.TomcatWebServer  : Tomcat started on port(s): 8080 (http) with context path ''
2025-07-21T18:21:16.049-05:00  INFO 14616 --- [restartedMain] c.p.t.TechwarehouseApplication           : Started TechwarehouseApplication in 23.45 seconds (process running for 24.406)
2025-07-21T18:21:17.222-05:00  INFO 14616 --- [restartedMain] c.p.t.TechwarehouseApplication           : serialNumber: 3f6d9c7a-e1b4-4cfe-9b4b-8fc7a556a3cz, id: 1
2025-07-21T18:21:17.223-05:00  INFO 14616 --- [restartedMain] c.p.t.TechwarehouseApplication           : serialNumber: 9f6d9c7a-a2b4-4cfe-9b4b-8fc7a556a3dk, id: 2
2025-07-21T18:21:17.223-05:00  INFO 14616 --- [restartedMain] c.p.t.TechwarehouseApplication           : serialNumber: 7d6d9c7a-a2b4-4cfe-9b4b-8fc7a556a3np, id: 3
2025-07-21T18:21:17.224-05:00  INFO 14616 --- [restartedMain] c.p.t.TechwarehouseApplication           : serialNumber: 6d6d9c7a-a2b4-4cfe-9b4b-8fc7a556a3ea, id: 4
2025-07-21T18:21:17.224-05:00  INFO 14616 --- [restartedMain] c.p.t.TechwarehouseApplication           : serialNumber: 8a6d9c7a-a2b4-4cfe-9b4b-8fc7a556a3df, id: 5
2025-07-21T18:21:29.004-05:00  INFO 14616 --- [http-nio-8080-exec-1] o.a.c.c.C.[Tomcat].[localhost].[/]       : Initializing Spring DispatcherServlet 'dispatcherServlet'
2025-07-21T18:21:29.004-05:00  INFO 14616 --- [http-nio-8080-exec-1] o.s.web.servlet.DispatcherServlet        : Initializing Servlet 'dispatcherServlet'
2025-07-21T18:21:29.004-05:00  INFO 14616 --- [http-nio-8080-exec-1] o.s.web.servlet.DispatcherServlet        : Completed initialization in 0 ms
2025-07-21T18:22:09.106-05:00  INFO 19748 --- [restartedMain] c.p.t.TechwarehouseApplication           : Starting TechwarehouseApplication using Java 17.0.12 with PID 19748 (C:\Users\vakap\Downloads\Full-Stack-Web-Deveploment\Laptop databe project\techwarehouse\bin\main started by vakap in C:\Users\vakap\Downloads\Full-Stack-Web-Deveploment\Laptop databe project\techwarehouse)
2025-07-21T18:22:09.117-05:00  INFO 19748 --- [restartedMain] c.p.t.TechwarehouseApplication           : No active profile set, falling back to 1 default profile: "default"
2025-07-21T18:22:09.528-05:00  INFO 19748 --- [restartedMain] .e.DevToolsPropertyDefaultsPostProcessor : Devtools property defaults active! Set 'spring.devtools.add-properties' to 'false' to disable
2025-07-21T18:22:09.530-05:00  INFO 19748 --- [restartedMain] .e.DevToolsPropertyDefaultsPostProcessor : For additional web related logging consider setting the 'logging.level.web' property to 'DEBUG'
2025-07-21T18:22:16.723-05:00  INFO 19748 --- [restartedMain] .s.d.r.c.RepositoryConfigurationDelegate : Bootstrapping Spring Data JPA repositories in DEFAULT mode.
2025-07-21T18:22:16.972-05:00  INFO 19748 --- [restartedMain] .s.d.r.c.RepositoryConfigurationDelegate : Finished Spring Data repository scanning in 209 ms. Found 3 JPA repository interfaces.
2025-07-21T18:22:21.028-05:00  INFO 19748 --- [restartedMain] o.s.b.w.embedded.tomcat.TomcatWebServer  : Tomcat initialized with port(s): 8080 (http)
2025-07-21T18:22:21.074-05:00  INFO 19748 --- [restartedMain] o.apache.catalina.core.StandardService   : Starting service [Tomcat]
2025-07-21T18:22:21.076-05:00  INFO 19748 --- [restartedMain] o.apache.catalina.core.StandardEngine    : Starting Servlet engine: [Apache Tomcat/10.1.13]
2025-07-21T18:22:21.621-05:00  INFO 19748 --- [restartedMain] o.a.c.c.C.[Tomcat].[localhost].[/]       : Initializing Spring embedded WebApplicationContext
2025-07-21T18:22:21.623-05:00  INFO 19748 --- [restartedMain] w.s.c.ServletWebServerApplicationContext : Root WebApplicationContext: initialization completed in 12088 ms
2025-07-21T18:22:22.467-05:00  INFO 19748 --- [restartedMain] o.hibernate.jpa.internal.util.LogHelper  : HHH000204: Processing PersistenceUnitInfo [name: default]
2025-07-21T18:22:22.732-05:00  INFO 19748 --- [restartedMain] org.hibernate.Version                    : HHH000412: Hibernate ORM core version 6.2.9.Final
2025-07-21T18:22:22.742-05:00  INFO 19748 --- [restartedMain] org.hibernate.cfg.Environment            : HHH000406: Using bytecode reflection optimizer
2025-07-21T18:22:23.398-05:00  INFO 19748 --- [restartedMain] o.h.b.i.BytecodeProviderInitiator        : HHH000021: Bytecode provider name : bytebuddy
2025-07-21T18:22:23.771-05:00  INFO 19748 --- [restartedMain] o.s.o.j.p.SpringPersistenceUnitInfo      : No LoadTimeWeaver setup: ignoring JPA class transformer
2025-07-21T18:22:23.835-05:00  INFO 19748 --- [restartedMain] com.zaxxer.hikari.HikariDataSource       : HikariPool-1 - Starting...
2025-07-21T18:22:24.272-05:00  INFO 19748 --- [restartedMain] com.zaxxer.hikari.pool.HikariPool        : HikariPool-1 - Added connection org.mariadb.jdbc.Connection@7443efab
2025-07-21T18:22:24.281-05:00  INFO 19748 --- [restartedMain] com.zaxxer.hikari.HikariDataSource       : HikariPool-1 - Start completed.
2025-07-21T18:22:25.341-05:00  INFO 19748 --- [restartedMain] o.h.b.i.BytecodeProviderInitiator        : HHH000021: Bytecode provider name : bytebuddy
2025-07-21T18:22:26.842-05:00  INFO 19748 --- [restartedMain] o.h.e.t.j.p.i.JtaPlatformInitiator       : HHH000490: Using JtaPlatform implementation: [org.hibernate.engine.transaction.jta.platform.internal.NoJtaPlatform]
2025-07-21T18:22:27.057-05:00  INFO 19748 --- [restartedMain] j.LocalContainerEntityManagerFactoryBean : Initialized JPA EntityManagerFactory for persistence unit 'default'
2025-07-21T18:22:28.560-05:00  WARN 19748 --- [restartedMain] ocalVariableTableParameterNameDiscoverer : Using deprecated '-debug' fallback for parameter name resolution. Compile the affected code with '-parameters' instead or avoid its introspection: com.pack.techwarehouse.domain.AppUserRepository
2025-07-21T18:22:29.270-05:00  WARN 19748 --- [restartedMain] JpaBaseConfiguration$JpaWebConfiguration : spring.jpa.open-in-view is enabled by default. Therefore, database queries may be performed during view rendering. Explicitly configure spring.jpa.open-in-view to disable this warning
2025-07-21T18:22:29.993-05:00  INFO 19748 --- [restartedMain] o.s.s.web.DefaultSecurityFilterChain     : Will secure any request with [org.springframework.security.web.session.DisableEncodeUrlFilter@45e8f28c, org.springframework.security.web.context.request.async.WebAsyncManagerIntegrationFilter@79acfd3a, org.springframework.security.web.context.SecurityContextHolderFilter@53dcc7d6, org.springframework.security.web.header.HeaderWriterFilter@5386af41, org.springframework.security.web.csrf.CsrfFilter@6fb59fe2, org.springframework.security.web.authentication.logout.LogoutFilter@2739c55c, org.springframework.security.web.authentication.UsernamePasswordAuthenticationFilter@6697b226, org.springframework.security.web.authentication.ui.DefaultLoginPageGeneratingFilter@4ceeacdd, org.springframework.security.web.authentication.ui.DefaultLogoutPageGeneratingFilter@1b1dd15, org.springframework.security.web.authentication.www.BasicAuthenticationFilter@287cfe4, org.springframework.security.web.savedrequest.RequestCacheAwareFilter@35d9faa0, org.springframework.security.web.servletapi.SecurityContextHolderAwareRequestFilter@75c196e6, org.springframework.security.web.authentication.AnonymousAuthenticationFilter@635dc1fd, org.springframework.security.web.access.ExceptionTranslationFilter@424c7d04, org.springframework.security.web.access.intercept.AuthorizationFilter@3dd9c5b4]
2025-07-21T18:22:32.705-05:00  INFO 19748 --- [restartedMain] o.s.b.d.a.OptionalLiveReloadServer       : LiveReload server is running on port 35729
2025-07-21T18:22:32.805-05:00  INFO 19748 --- [restartedMain] o.s.b.w.embedded.tomcat.TomcatWebServer  : Tomcat started on port(s): 8080 (http) with context path ''
2025-07-21T18:22:32.839-05:00  INFO 19748 --- [restartedMain] c.p.t.TechwarehouseApplication           : Started TechwarehouseApplication in 25.069 seconds (process running for 25.987)
2025-07-21T18:22:33.553-05:00  INFO 19748 --- [restartedMain] c.p.t.TechwarehouseApplication           : serialNumber: 3f6d9c7a-e1b4-4cfe-9b4b-8fc7a556a3cz, id: 1
2025-07-21T18:22:33.553-05:00  INFO 19748 --- [restartedMain] c.p.t.TechwarehouseApplication           : serialNumber: 9f6d9c7a-a2b4-4cfe-9b4b-8fc7a556a3dk, id: 2
2025-07-21T18:22:33.554-05:00  INFO 19748 --- [restartedMain] c.p.t.TechwarehouseApplication           : serialNumber: 7d6d9c7a-a2b4-4cfe-9b4b-8fc7a556a3np, id: 3
2025-07-21T18:22:33.554-05:00  INFO 19748 --- [restartedMain] c.p.t.TechwarehouseApplication           : serialNumber: 6d6d9c7a-a2b4-4cfe-9b4b-8fc7a556a3ea, id: 4
2025-07-21T18:22:33.555-05:00  INFO 19748 --- [restartedMain] c.p.t.TechwarehouseApplication           : serialNumber: 8a6d9c7a-a2b4-4cfe-9b4b-8fc7a556a3df, id: 5
2025-07-21T18:24:06.127-05:00  INFO 19748 --- [http-nio-8080-exec-2] o.a.c.c.C.[Tomcat].[localhost].[/]       : Initializing Spring DispatcherServlet 'dispatcherServlet'
2025-07-21T18:24:06.128-05:00  INFO 19748 --- [http-nio-8080-exec-2] o.s.web.servlet.DispatcherServlet        : Initializing Servlet 'dispatcherServlet'
2025-07-21T18:24:06.129-05:00  INFO 19748 --- [http-nio-8080-exec-2] o.s.web.servlet.DispatcherServlet        : Completed initialization in 1 ms
2025-07-21T18:27:29.444-05:00  INFO 20352 --- [restartedMain] c.p.t.TechwarehouseApplication           : Starting TechwarehouseApplication using Java 17.0.12 with PID 20352 (C:\Users\vakap\Downloads\Full-Stack-Web-Deveploment\Laptop databe project\techwarehouse\bin\main started by vakap in C:\Users\vakap\Downloads\Full-Stack-Web-Deveploment\Laptop databe project\techwarehouse)
2025-07-21T18:27:29.458-05:00  INFO 20352 --- [restartedMain] c.p.t.TechwarehouseApplication           : No active profile set, falling back to 1 default profile: "default"
2025-07-21T18:27:29.907-05:00  INFO 20352 --- [restartedMain] .e.DevToolsPropertyDefaultsPostProcessor : Devtools property defaults active! Set 'spring.devtools.add-properties' to 'false' to disable
2025-07-21T18:27:29.908-05:00  INFO 20352 --- [restartedMain] .e.DevToolsPropertyDefaultsPostProcessor : For additional web related logging consider setting the 'logging.level.web' property to 'DEBUG'
2025-07-21T18:27:35.547-05:00  INFO 20352 --- [restartedMain] .s.d.r.c.RepositoryConfigurationDelegate : Bootstrapping Spring Data JPA repositories in DEFAULT mode.
2025-07-21T18:27:35.731-05:00  INFO 20352 --- [restartedMain] .s.d.r.c.RepositoryConfigurationDelegate : Finished Spring Data repository scanning in 153 ms. Found 3 JPA repository interfaces.
2025-07-21T18:27:39.216-05:00  INFO 20352 --- [restartedMain] o.s.b.w.embedded.tomcat.TomcatWebServer  : Tomcat initialized with port(s): 8080 (http)
2025-07-21T18:27:39.266-05:00  INFO 20352 --- [restartedMain] o.apache.catalina.core.StandardService   : Starting service [Tomcat]
2025-07-21T18:27:39.268-05:00  INFO 20352 --- [restartedMain] o.apache.catalina.core.StandardEngine    : Starting Servlet engine: [Apache Tomcat/10.1.13]
2025-07-21T18:27:39.702-05:00  INFO 20352 --- [restartedMain] o.a.c.c.C.[Tomcat].[localhost].[/]       : Initializing Spring embedded WebApplicationContext
2025-07-21T18:27:39.707-05:00  INFO 20352 --- [restartedMain] w.s.c.ServletWebServerApplicationContext : Root WebApplicationContext: initialization completed in 9795 ms
2025-07-21T18:27:40.525-05:00  INFO 20352 --- [restartedMain] o.hibernate.jpa.internal.util.LogHelper  : HHH000204: Processing PersistenceUnitInfo [name: default]
2025-07-21T18:27:40.856-05:00  INFO 20352 --- [restartedMain] org.hibernate.Version                    : HHH000412: Hibernate ORM core version 6.2.9.Final
2025-07-21T18:27:40.867-05:00  INFO 20352 --- [restartedMain] org.hibernate.cfg.Environment            : HHH000406: Using bytecode reflection optimizer
2025-07-21T18:27:41.648-05:00  INFO 20352 --- [restartedMain] o.h.b.i.BytecodeProviderInitiator        : HHH000021: Bytecode provider name : bytebuddy
2025-07-21T18:27:42.210-05:00  INFO 20352 --- [restartedMain] o.s.o.j.p.SpringPersistenceUnitInfo      : No LoadTimeWeaver setup: ignoring JPA class transformer
2025-07-21T18:27:42.269-05:00  INFO 20352 --- [restartedMain] com.zaxxer.hikari.HikariDataSource       : HikariPool-1 - Starting...
2025-07-21T18:27:42.695-05:00  INFO 20352 --- [restartedMain] com.zaxxer.hikari.pool.HikariPool        : HikariPool-1 - Added connection org.mariadb.jdbc.Connection@6885f0e8
2025-07-21T18:27:42.702-05:00  INFO 20352 --- [restartedMain] com.zaxxer.hikari.HikariDataSource       : HikariPool-1 - Start completed.
2025-07-21T18:27:43.986-05:00  INFO 20352 --- [restartedMain] o.h.b.i.BytecodeProviderInitiator        : HHH000021: Bytecode provider name : bytebuddy
2025-07-21T18:27:46.088-05:00  INFO 20352 --- [restartedMain] o.h.e.t.j.p.i.JtaPlatformInitiator       : HHH000490: Using JtaPlatform implementation: [org.hibernate.engine.transaction.jta.platform.internal.NoJtaPlatform]
2025-07-21T18:27:46.302-05:00  INFO 20352 --- [restartedMain] j.LocalContainerEntityManagerFactoryBean : Initialized JPA EntityManagerFactory for persistence unit 'default'
2025-07-21T18:27:47.497-05:00  WARN 20352 --- [restartedMain] ocalVariableTableParameterNameDiscoverer : Using deprecated '-debug' fallback for parameter name resolution. Compile the affected code with '-parameters' instead or avoid its introspection: com.pack.techwarehouse.domain.AppUserRepository
2025-07-21T18:27:48.195-05:00  WARN 20352 --- [restartedMain] JpaBaseConfiguration$JpaWebConfiguration : spring.jpa.open-in-view is enabled by default. Therefore, database queries may be performed during view rendering. Explicitly configure spring.jpa.open-in-view to disable this warning
2025-07-21T18:27:49.481-05:00  INFO 20352 --- [restartedMain] o.s.s.web.DefaultSecurityFilterChain     : Will secure any request with [org.springframework.security.web.session.DisableEncodeUrlFilter@264710e3, org.springframework.security.web.context.request.async.WebAsyncManagerIntegrationFilter@38479428, org.springframework.security.web.context.SecurityContextHolderFilter@2008473e, org.springframework.security.web.header.HeaderWriterFilter@11b60764, org.springframework.security.web.csrf.CsrfFilter@7ab3b9ec, org.springframework.security.web.authentication.logout.LogoutFilter@174a4618, org.springframework.security.web.authentication.UsernamePasswordAuthenticationFilter@70ef1952, org.springframework.security.web.authentication.ui.DefaultLoginPageGeneratingFilter@7e0cf0db, org.springframework.security.web.authentication.ui.DefaultLogoutPageGeneratingFilter@2ad16faf, org.springframework.security.web.authentication.www.BasicAuthenticationFilter@6dae660d, org.springframework.security.web.savedrequest.RequestCacheAwareFilter@1d2a13a6, org.springframework.security.web.servletapi.SecurityContextHolderAwareRequestFilter@7380d198, org.springframework.security.web.authentication.AnonymousAuthenticationFilter@1d15b22f, org.springframework.security.web.access.ExceptionTranslationFilter@ab12ea, org.springframework.security.web.access.intercept.AuthorizationFilter@fada421]
2025-07-21T18:27:52.266-05:00  INFO 20352 --- [restartedMain] o.s.b.d.a.OptionalLiveReloadServer       : LiveReload server is running on port 35729
2025-07-21T18:27:52.463-05:00  INFO 20352 --- [restartedMain] o.s.b.w.embedded.tomcat.TomcatWebServer  : Tomcat started on port(s): 8080 (http) with context path ''
2025-07-21T18:27:52.521-05:00  INFO 20352 --- [restartedMain] c.p.t.TechwarehouseApplication           : Started TechwarehouseApplication in 24.827 seconds (process running for 27.208)
2025-07-21T18:27:53.607-05:00  INFO 20352 --- [restartedMain] c.p.t.TechwarehouseApplication           : serialNumber: 3f6d9c7a-e1b4-4cfe-9b4b-8fc7a556a3cz, id: 1
2025-07-21T18:27:53.608-05:00  INFO 20352 --- [restartedMain] c.p.t.TechwarehouseApplication           : serialNumber: 9f6d9c7a-a2b4-4cfe-9b4b-8fc7a556a3dk, id: 2
2025-07-21T18:27:53.609-05:00  INFO 20352 --- [restartedMain] c.p.t.TechwarehouseApplication           : serialNumber: 7d6d9c7a-a2b4-4cfe-9b4b-8fc7a556a3np, id: 3
2025-07-21T18:27:53.610-05:00  INFO 20352 --- [restartedMain] c.p.t.TechwarehouseApplication           : serialNumber: 6d6d9c7a-a2b4-4cfe-9b4b-8fc7a556a3ea, id: 4
2025-07-21T18:27:53.611-05:00  INFO 20352 --- [restartedMain] c.p.t.TechwarehouseApplication           : serialNumber: 8a6d9c7a-a2b4-4cfe-9b4b-8fc7a556a3df, id: 5
2025-07-21T18:28:20.784-05:00  INFO 20352 --- [http-nio-8080-exec-1] o.a.c.c.C.[Tomcat].[localhost].[/]       : Initializing Spring DispatcherServlet 'dispatcherServlet'
2025-07-21T18:28:20.785-05:00  INFO 20352 --- [http-nio-8080-exec-1] o.s.web.servlet.DispatcherServlet        : Initializing Servlet 'dispatcherServlet'
2025-07-21T18:28:20.789-05:00  INFO 20352 --- [http-nio-8080-exec-1] o.s.web.servlet.DispatcherServlet        : Completed initialization in 2 ms
2025-07-21T18:35:03.796-05:00  INFO 21596 --- [restartedMain] c.p.t.TechwarehouseApplication           : Starting TechwarehouseApplication using Java 17.0.12 with PID 21596 (C:\Users\vakap\Downloads\Full-Stack-Web-Deveploment\Laptop databe project\techwarehouse\bin\main started by vakap in C:\Users\vakap\Downloads\Full-Stack-Web-Deveploment\Laptop databe project\techwarehouse)
2025-07-21T18:35:03.800-05:00  INFO 21596 --- [restartedMain] c.p.t.TechwarehouseApplication           : No active profile set, falling back to 1 default profile: "default"
2025-07-21T18:35:03.902-05:00  INFO 21596 --- [restartedMain] .e.DevToolsPropertyDefaultsPostProcessor : Devtools property defaults active! Set 'spring.devtools.add-properties' to 'false' to disable
2025-07-21T18:35:03.903-05:00  INFO 21596 --- [restartedMain] .e.DevToolsPropertyDefaultsPostProcessor : For additional web related logging consider setting the 'logging.level.web' property to 'DEBUG'
2025-07-21T18:35:05.580-05:00  INFO 21596 --- [restartedMain] .s.d.r.c.RepositoryConfigurationDelegate : Bootstrapping Spring Data JPA repositories in DEFAULT mode.
2025-07-21T18:35:05.678-05:00  INFO 21596 --- [restartedMain] .s.d.r.c.RepositoryConfigurationDelegate : Finished Spring Data repository scanning in 83 ms. Found 3 JPA repository interfaces.
2025-07-21T18:35:07.330-05:00  INFO 21596 --- [restartedMain] o.s.b.w.embedded.tomcat.TomcatWebServer  : Tomcat initialized with port(s): 8080 (http)
2025-07-21T18:35:07.350-05:00  INFO 21596 --- [restartedMain] o.apache.catalina.core.StandardService   : Starting service [Tomcat]
2025-07-21T18:35:07.350-05:00  INFO 21596 --- [restartedMain] o.apache.catalina.core.StandardEngine    : Starting Servlet engine: [Apache Tomcat/10.1.13]
2025-07-21T18:35:07.474-05:00  INFO 21596 --- [restartedMain] o.a.c.c.C.[Tomcat].[localhost].[/]       : Initializing Spring embedded WebApplicationContext
2025-07-21T18:35:07.474-05:00  INFO 21596 --- [restartedMain] w.s.c.ServletWebServerApplicationContext : Root WebApplicationContext: initialization completed in 3570 ms
2025-07-21T18:35:07.814-05:00  INFO 21596 --- [restartedMain] o.hibernate.jpa.internal.util.LogHelper  : HHH000204: Processing PersistenceUnitInfo [name: default]
2025-07-21T18:35:07.942-05:00  INFO 21596 --- [restartedMain] org.hibernate.Version                    : HHH000412: Hibernate ORM core version 6.2.9.Final
2025-07-21T18:35:07.948-05:00  INFO 21596 --- [restartedMain] org.hibernate.cfg.Environment            : HHH000406: Using bytecode reflection optimizer
2025-07-21T18:35:08.281-05:00  INFO 21596 --- [restartedMain] o.h.b.i.BytecodeProviderInitiator        : HHH000021: Bytecode provider name : bytebuddy
2025-07-21T18:35:08.509-05:00  INFO 21596 --- [restartedMain] o.s.o.j.p.SpringPersistenceUnitInfo      : No LoadTimeWeaver setup: ignoring JPA class transformer
2025-07-21T18:35:08.545-05:00  INFO 21596 --- [restartedMain] com.zaxxer.hikari.HikariDataSource       : HikariPool-1 - Starting...
2025-07-21T18:35:08.784-05:00  INFO 21596 --- [restartedMain] com.zaxxer.hikari.pool.HikariPool        : HikariPool-1 - Added connection org.mariadb.jdbc.Connection@6806a2b9
2025-07-21T18:35:08.790-05:00  INFO 21596 --- [restartedMain] com.zaxxer.hikari.HikariDataSource       : HikariPool-1 - Start completed.
2025-07-21T18:35:09.453-05:00  INFO 21596 --- [restartedMain] o.h.b.i.BytecodeProviderInitiator        : HHH000021: Bytecode provider name : bytebuddy
2025-07-21T18:35:10.451-05:00  INFO 21596 --- [restartedMain] o.h.e.t.j.p.i.JtaPlatformInitiator       : HHH000490: Using JtaPlatform implementation: [org.hibernate.engine.transaction.jta.platform.internal.NoJtaPlatform]
2025-07-21T18:35:10.582-05:00  INFO 21596 --- [restartedMain] j.LocalContainerEntityManagerFactoryBean : Initialized JPA EntityManagerFactory for persistence unit 'default'
2025-07-21T18:35:11.232-05:00  WARN 21596 --- [restartedMain] ocalVariableTableParameterNameDiscoverer : Using deprecated '-debug' fallback for parameter name resolution. Compile the affected code with '-parameters' instead or avoid its introspection: com.pack.techwarehouse.domain.AppUserRepository
2025-07-21T18:35:11.608-05:00  WARN 21596 --- [restartedMain] JpaBaseConfiguration$JpaWebConfiguration : spring.jpa.open-in-view is enabled by default. Therefore, database queries may be performed during view rendering. Explicitly configure spring.jpa.open-in-view to disable this warning
2025-07-21T18:35:11.985-05:00  INFO 21596 --- [restartedMain] o.s.s.web.DefaultSecurityFilterChain     : Will secure any request with [org.springframework.security.web.session.DisableEncodeUrlFilter@18ae58f1, org.springframework.security.web.context.request.async.WebAsyncManagerIntegrationFilter@5155edbf, org.springframework.security.web.context.SecurityContextHolderFilter@10164514, org.springframework.security.web.header.HeaderWriterFilter@66df8fbb, org.springframework.security.web.csrf.CsrfFilter@526654d3, org.springframework.security.web.authentication.logout.LogoutFilter@2ed64886, org.springframework.security.web.authentication.UsernamePasswordAuthenticationFilter@de36291, org.springframework.security.web.authentication.ui.DefaultLoginPageGeneratingFilter@2c55add9, org.springframework.security.web.authentication.ui.DefaultLogoutPageGeneratingFilter@46702118, org.springframework.security.web.authentication.www.BasicAuthenticationFilter@6ad47cdf, org.springframework.security.web.savedrequest.RequestCacheAwareFilter@7beb1863, org.springframework.security.web.servletapi.SecurityContextHolderAwareRequestFilter@76a88d22, org.springframework.security.web.authentication.AnonymousAuthenticationFilter@33beac4f, org.springframework.security.web.access.ExceptionTranslationFilter@402f727c, org.springframework.security.web.access.intercept.AuthorizationFilter@cecc202]
2025-07-21T18:35:13.259-05:00  INFO 21596 --- [restartedMain] o.s.b.d.a.OptionalLiveReloadServer       : LiveReload server is running on port 35729
2025-07-21T18:35:13.328-05:00  INFO 21596 --- [restartedMain] o.s.b.w.embedded.tomcat.TomcatWebServer  : Tomcat started on port(s): 8080 (http) with context path ''
2025-07-21T18:35:13.350-05:00  INFO 21596 --- [restartedMain] c.p.t.TechwarehouseApplication           : Started TechwarehouseApplication in 10.296 seconds (process running for 11.092)
2025-07-21T18:35:13.792-05:00  INFO 21596 --- [restartedMain] c.p.t.TechwarehouseApplication           : serialNumber: 3f6d9c7a-e1b4-4cfe-9b4b-8fc7a556a3cz, id: 1
2025-07-21T18:35:13.793-05:00  INFO 21596 --- [restartedMain] c.p.t.TechwarehouseApplication           : serialNumber: 9f6d9c7a-a2b4-4cfe-9b4b-8fc7a556a3dk, id: 2
2025-07-21T18:35:13.793-05:00  INFO 21596 --- [restartedMain] c.p.t.TechwarehouseApplication           : serialNumber: 7d6d9c7a-a2b4-4cfe-9b4b-8fc7a556a3np, id: 3
2025-07-21T18:35:13.793-05:00  INFO 21596 --- [restartedMain] c.p.t.TechwarehouseApplication           : serialNumber: 6d6d9c7a-a2b4-4cfe-9b4b-8fc7a556a3ea, id: 4
2025-07-21T18:35:13.794-05:00  INFO 21596 --- [restartedMain] c.p.t.TechwarehouseApplication           : serialNumber: 8a6d9c7a-a2b4-4cfe-9b4b-8fc7a556a3df, id: 5
2025-07-21T18:35:28.830-05:00  INFO 21596 --- [http-nio-8080-exec-1] o.a.c.c.C.[Tomcat].[localhost].[/]       : Initializing Spring DispatcherServlet 'dispatcherServlet'
2025-07-21T18:35:28.831-05:00  INFO 21596 --- [http-nio-8080-exec-1] o.s.web.servlet.DispatcherServlet        : Initializing Servlet 'dispatcherServlet'
2025-07-21T18:35:28.834-05:00  INFO 21596 --- [http-nio-8080-exec-1] o.s.web.servlet.DispatcherServlet        : Completed initialization in 3 ms
2025-07-21T19:19:20.821-05:00  INFO 13120 --- [restartedMain] c.p.t.TechwarehouseApplication           : Starting TechwarehouseApplication using Java 17.0.12 with PID 13120 (C:\Users\vakap\Downloads\Full-Stack-Web-Deveploment\Laptop databe project\techwarehouse\bin\main started by vakap in C:\Users\vakap\Downloads\Full-Stack-Web-Deveploment\Laptop databe project\techwarehouse)
2025-07-21T19:19:20.833-05:00  INFO 13120 --- [restartedMain] c.p.t.TechwarehouseApplication           : No active profile set, falling back to 1 default profile: "default"
2025-07-21T19:19:21.135-05:00  INFO 13120 --- [restartedMain] .e.DevToolsPropertyDefaultsPostProcessor : Devtools property defaults active! Set 'spring.devtools.add-properties' to 'false' to disable
2025-07-21T19:19:21.136-05:00  INFO 13120 --- [restartedMain] .e.DevToolsPropertyDefaultsPostProcessor : For additional web related logging consider setting the 'logging.level.web' property to 'DEBUG'
2025-07-21T19:19:26.375-05:00  INFO 13120 --- [restartedMain] .s.d.r.c.RepositoryConfigurationDelegate : Bootstrapping Spring Data JPA repositories in DEFAULT mode.
2025-07-21T19:19:26.584-05:00  INFO 13120 --- [restartedMain] .s.d.r.c.RepositoryConfigurationDelegate : Finished Spring Data repository scanning in 178 ms. Found 3 JPA repository interfaces.
2025-07-21T19:19:30.393-05:00  INFO 13120 --- [restartedMain] o.s.b.w.embedded.tomcat.TomcatWebServer  : Tomcat initialized with port(s): 8080 (http)
2025-07-21T19:19:30.487-05:00  INFO 13120 --- [restartedMain] o.apache.catalina.core.StandardService   : Starting service [Tomcat]
2025-07-21T19:19:30.489-05:00  INFO 13120 --- [restartedMain] o.apache.catalina.core.StandardEngine    : Starting Servlet engine: [Apache Tomcat/10.1.13]
2025-07-21T19:19:30.958-05:00  INFO 13120 --- [restartedMain] o.a.c.c.C.[Tomcat].[localhost].[/]       : Initializing Spring embedded WebApplicationContext
2025-07-21T19:19:30.961-05:00  INFO 13120 --- [restartedMain] w.s.c.ServletWebServerApplicationContext : Root WebApplicationContext: initialization completed in 9819 ms
2025-07-21T19:19:31.827-05:00  INFO 13120 --- [restartedMain] o.hibernate.jpa.internal.util.LogHelper  : HHH000204: Processing PersistenceUnitInfo [name: default]
2025-07-21T19:19:32.142-05:00  INFO 13120 --- [restartedMain] org.hibernate.Version                    : HHH000412: Hibernate ORM core version 6.2.9.Final
2025-07-21T19:19:32.155-05:00  INFO 13120 --- [restartedMain] org.hibernate.cfg.Environment            : HHH000406: Using bytecode reflection optimizer
2025-07-21T19:19:32.997-05:00  INFO 13120 --- [restartedMain] o.h.b.i.BytecodeProviderInitiator        : HHH000021: Bytecode provider name : bytebuddy
2025-07-21T19:19:33.588-05:00  INFO 13120 --- [restartedMain] o.s.o.j.p.SpringPersistenceUnitInfo      : No LoadTimeWeaver setup: ignoring JPA class transformer
2025-07-21T19:19:33.658-05:00  INFO 13120 --- [restartedMain] com.zaxxer.hikari.HikariDataSource       : HikariPool-1 - Starting...
2025-07-21T19:19:34.013-05:00  INFO 13120 --- [restartedMain] com.zaxxer.hikari.pool.HikariPool        : HikariPool-1 - Added connection org.mariadb.jdbc.Connection@60405bb4
2025-07-21T19:19:34.020-05:00  INFO 13120 --- [restartedMain] com.zaxxer.hikari.HikariDataSource       : HikariPool-1 - Start completed.
2025-07-21T19:19:35.009-05:00  INFO 13120 --- [restartedMain] o.h.b.i.BytecodeProviderInitiator        : HHH000021: Bytecode provider name : bytebuddy
2025-07-21T19:19:36.865-05:00  INFO 13120 --- [restartedMain] o.h.e.t.j.p.i.JtaPlatformInitiator       : HHH000490: Using JtaPlatform implementation: [org.hibernate.engine.transaction.jta.platform.internal.NoJtaPlatform]
2025-07-21T19:19:37.093-05:00  INFO 13120 --- [restartedMain] j.LocalContainerEntityManagerFactoryBean : Initialized JPA EntityManagerFactory for persistence unit 'default'
2025-07-21T19:19:38.428-05:00  WARN 13120 --- [restartedMain] ocalVariableTableParameterNameDiscoverer : Using deprecated '-debug' fallback for parameter name resolution. Compile the affected code with '-parameters' instead or avoid its introspection: com.pack.techwarehouse.domain.AppUserRepository
2025-07-21T19:19:39.162-05:00  WARN 13120 --- [restartedMain] JpaBaseConfiguration$JpaWebConfiguration : spring.jpa.open-in-view is enabled by default. Therefore, database queries may be performed during view rendering. Explicitly configure spring.jpa.open-in-view to disable this warning
2025-07-21T19:19:40.048-05:00  INFO 13120 --- [restartedMain] o.s.s.web.DefaultSecurityFilterChain     : Will secure any request with [org.springframework.security.web.session.DisableEncodeUrlFilter@4e19b37, org.springframework.security.web.context.request.async.WebAsyncManagerIntegrationFilter@c4c2770, org.springframework.security.web.context.SecurityContextHolderFilter@36615bb5, org.springframework.security.web.header.HeaderWriterFilter@70e0ce38, org.springframework.security.web.csrf.CsrfFilter@1e0dbd9c, org.springframework.security.web.authentication.logout.LogoutFilter@1a51ac69, org.springframework.security.web.authentication.UsernamePasswordAuthenticationFilter@174a4618, org.springframework.security.web.authentication.ui.DefaultLoginPageGeneratingFilter@124e97c, org.springframework.security.web.authentication.ui.DefaultLogoutPageGeneratingFilter@76cbd4ed, org.springframework.security.web.authentication.www.BasicAuthenticationFilter@70ef1952, org.springframework.security.web.savedrequest.RequestCacheAwareFilter@59d92742, org.springframework.security.web.servletapi.SecurityContextHolderAwareRequestFilter@10d8c68a, org.springframework.security.web.authentication.AnonymousAuthenticationFilter@6de401b0, org.springframework.security.web.access.ExceptionTranslationFilter@41daf9ef, org.springframework.security.web.access.intercept.AuthorizationFilter@26deac01]
2025-07-21T19:19:43.185-05:00  INFO 13120 --- [restartedMain] o.s.b.d.a.OptionalLiveReloadServer       : LiveReload server is running on port 35729
2025-07-21T19:19:43.351-05:00  INFO 13120 --- [restartedMain] o.s.b.w.embedded.tomcat.TomcatWebServer  : Tomcat started on port(s): 8080 (http) with context path ''
2025-07-21T19:19:43.408-05:00  INFO 13120 --- [restartedMain] c.p.t.TechwarehouseApplication           : Started TechwarehouseApplication in 24.209 seconds (process running for 25.7)
2025-07-21T19:19:44.587-05:00  INFO 13120 --- [restartedMain] c.p.t.TechwarehouseApplication           : serialNumber: 3f6d9c7a-e1b4-4cfe-9b4b-8fc7a556a3cz, id: 1
2025-07-21T19:19:44.587-05:00  INFO 13120 --- [restartedMain] c.p.t.TechwarehouseApplication           : serialNumber: 9f6d9c7a-a2b4-4cfe-9b4b-8fc7a556a3dk, id: 2
2025-07-21T19:19:44.588-05:00  INFO 13120 --- [restartedMain] c.p.t.TechwarehouseApplication           : serialNumber: 7d6d9c7a-a2b4-4cfe-9b4b-8fc7a556a3np, id: 3
2025-07-21T19:19:44.589-05:00  INFO 13120 --- [restartedMain] c.p.t.TechwarehouseApplication           : serialNumber: 6d6d9c7a-a2b4-4cfe-9b4b-8fc7a556a3ea, id: 4
2025-07-21T19:19:44.591-05:00  INFO 13120 --- [restartedMain] c.p.t.TechwarehouseApplication           : serialNumber: 8a6d9c7a-a2b4-4cfe-9b4b-8fc7a556a3df, id: 5
2025-07-21T19:20:02.649-05:00  INFO 13120 --- [http-nio-8080-exec-1] o.a.c.c.C.[Tomcat].[localhost].[/]       : Initializing Spring DispatcherServlet 'dispatcherServlet'
2025-07-21T19:20:02.651-05:00  INFO 13120 --- [http-nio-8080-exec-1] o.s.web.servlet.DispatcherServlet        : Initializing Servlet 'dispatcherServlet'
2025-07-21T19:20:02.655-05:00  INFO 13120 --- [http-nio-8080-exec-1] o.s.web.servlet.DispatcherServlet        : Completed initialization in 4 ms
2025-07-21T19:20:02.901-05:00  WARN 13120 --- [http-nio-8080-exec-1] o.a.c.util.SessionIdGeneratorBase        : Creation of SecureRandom instance for session ID generation using [SHA1PRNG] took [123] milliseconds.
2025-07-21T19:20:57.285-05:00  INFO 13120 --- [File Watcher] rtingClassPathChangeChangedEventListener : Restarting due to 1 class path change (0 additions, 0 deletions, 1 modification)
2025-07-21T19:20:57.307-05:00  INFO 13120 --- [Thread-5] o.apache.catalina.core.StandardService   : Stopping service [Tomcat]
2025-07-21T19:20:57.308-05:00  INFO 13120 --- [Thread-5] o.a.c.c.C.[Tomcat].[localhost].[/]       : Destroying Spring FrameworkServlet 'dispatcherServlet'
2025-07-21T19:20:57.338-05:00  INFO 13120 --- [Thread-5] j.LocalContainerEntityManagerFactoryBean : Closing JPA EntityManagerFactory for persistence unit 'default'
2025-07-21T19:20:57.385-05:00  INFO 13120 --- [Thread-5] com.zaxxer.hikari.HikariDataSource       : HikariPool-1 - Shutdown initiated...
2025-07-21T19:20:57.390-05:00  INFO 13120 --- [Thread-5] com.zaxxer.hikari.HikariDataSource       : HikariPool-1 - Shutdown completed.
2025-07-21T19:20:57.518-05:00  INFO 13120 --- [restartedMain] c.p.t.TechwarehouseApplication           : Starting TechwarehouseApplication using Java 17.0.12 with PID 13120 (C:\Users\vakap\Downloads\Full-Stack-Web-Deveploment\Laptop databe project\techwarehouse\bin\main started by vakap in C:\Users\vakap\Downloads\Full-Stack-Web-Deveploment\Laptop databe project\techwarehouse)
2025-07-21T19:20:57.520-05:00  INFO 13120 --- [restartedMain] c.p.t.TechwarehouseApplication           : No active profile set, falling back to 1 default profile: "default"
2025-07-21T19:20:58.554-05:00  INFO 13120 --- [restartedMain] .s.d.r.c.RepositoryConfigurationDelegate : Bootstrapping Spring Data JPA repositories in DEFAULT mode.
2025-07-21T19:20:58.662-05:00  INFO 13120 --- [restartedMain] .s.d.r.c.RepositoryConfigurationDelegate : Finished Spring Data repository scanning in 106 ms. Found 3 JPA repository interfaces.
2025-07-21T19:20:59.291-05:00  INFO 13120 --- [restartedMain] o.s.b.w.embedded.tomcat.TomcatWebServer  : Tomcat initialized with port(s): 8080 (http)
2025-07-21T19:20:59.295-05:00  INFO 13120 --- [restartedMain] o.apache.catalina.core.StandardService   : Starting service [Tomcat]
2025-07-21T19:20:59.296-05:00  INFO 13120 --- [restartedMain] o.apache.catalina.core.StandardEngine    : Starting Servlet engine: [Apache Tomcat/10.1.13]
2025-07-21T19:20:59.548-05:00  INFO 13120 --- [restartedMain] o.a.c.c.C.[Tomcat].[localhost].[/]       : Initializing Spring embedded WebApplicationContext
2025-07-21T19:20:59.550-05:00  INFO 13120 --- [restartedMain] w.s.c.ServletWebServerApplicationContext : Root WebApplicationContext: initialization completed in 2022 ms
2025-07-21T19:20:59.894-05:00  INFO 13120 --- [restartedMain] o.hibernate.jpa.internal.util.LogHelper  : HHH000204: Processing PersistenceUnitInfo [name: default]
2025-07-21T19:20:59.941-05:00  INFO 13120 --- [restartedMain] o.h.b.i.BytecodeProviderInitiator        : HHH000021: Bytecode provider name : bytebuddy
2025-07-21T19:20:59.943-05:00  INFO 13120 --- [restartedMain] o.s.o.j.p.SpringPersistenceUnitInfo      : No LoadTimeWeaver setup: ignoring JPA class transformer
2025-07-21T19:20:59.947-05:00  INFO 13120 --- [restartedMain] com.zaxxer.hikari.HikariDataSource       : HikariPool-2 - Starting...
2025-07-21T19:20:59.965-05:00  INFO 13120 --- [restartedMain] com.zaxxer.hikari.pool.HikariPool        : HikariPool-2 - Added connection org.mariadb.jdbc.Connection@25782fba
2025-07-21T19:20:59.966-05:00  INFO 13120 --- [restartedMain] com.zaxxer.hikari.HikariDataSource       : HikariPool-2 - Start completed.
2025-07-21T19:21:00.045-05:00  INFO 13120 --- [restartedMain] o.h.b.i.BytecodeProviderInitiator        : HHH000021: Bytecode provider name : bytebuddy
2025-07-21T19:21:00.401-05:00  INFO 13120 --- [restartedMain] o.h.e.t.j.p.i.JtaPlatformInitiator       : HHH000490: Using JtaPlatform implementation: [org.hibernate.engine.transaction.jta.platform.internal.NoJtaPlatform]
2025-07-21T19:21:00.549-05:00  WARN 13120 --- [restartedMain] o.m.jdbc.message.server.ErrorPacket      : Error: 4091-42S02: Unknown SEQUENCE: 'techdb.app_user_seq'
2025-07-21T19:21:00.553-05:00  WARN 13120 --- [restartedMain] o.h.t.s.i.ExceptionHandlerLoggedImpl     : GenerationTarget encountered exception accepting command : Error executing DDL "drop sequence app_user_seq" via JDBC [(conn=256) Unknown SEQUENCE: 'techdb.app_user_seq']

org.hibernate.tool.schema.spi.CommandAcceptanceException: Error executing DDL "drop sequence app_user_seq" via JDBC [(conn=256) Unknown SEQUENCE: 'techdb.app_user_seq']
	at org.hibernate.tool.schema.internal.exec.GenerationTargetToDatabase.accept(GenerationTargetToDatabase.java:92) ~[hibernate-core-6.2.9.Final.jar:6.2.9.Final]
	at org.hibernate.tool.schema.internal.Helper.applySqlString(Helper.java:235) ~[hibernate-core-6.2.9.Final.jar:6.2.9.Final]
	at org.hibernate.tool.schema.internal.Helper.applySqlStrings(Helper.java:219) ~[hibernate-core-6.2.9.Final.jar:6.2.9.Final]
	at org.hibernate.tool.schema.internal.SchemaDropperImpl.dropSequences(SchemaDropperImpl.java:337) ~[hibernate-core-6.2.9.Final.jar:6.2.9.Final]
	at org.hibernate.tool.schema.internal.SchemaDropperImpl.dropConstraintsTablesSequences(SchemaDropperImpl.java:265) ~[hibernate-core-6.2.9.Final.jar:6.2.9.Final]
	at org.hibernate.tool.schema.internal.SchemaDropperImpl.dropFromMetadata(SchemaDropperImpl.java:215) ~[hibernate-core-6.2.9.Final.jar:6.2.9.Final]
	at org.hibernate.tool.schema.internal.SchemaDropperImpl.performDrop(SchemaDropperImpl.java:185) ~[hibernate-core-6.2.9.Final.jar:6.2.9.Final]
	at org.hibernate.tool.schema.internal.SchemaDropperImpl.doDrop(SchemaDropperImpl.java:155) ~[hibernate-core-6.2.9.Final.jar:6.2.9.Final]
	at org.hibernate.tool.schema.internal.SchemaDropperImpl.doDrop(SchemaDropperImpl.java:115) ~[hibernate-core-6.2.9.Final.jar:6.2.9.Final]
	at org.hibernate.tool.schema.spi.SchemaManagementToolCoordinator.performDatabaseAction(SchemaManagementToolCoordinator.java:242) ~[hibernate-core-6.2.9.Final.jar:6.2.9.Final]
	at org.hibernate.tool.schema.spi.SchemaManagementToolCoordinator.lambda$process$5(SchemaManagementToolCoordinator.java:143) ~[hibernate-core-6.2.9.Final.jar:6.2.9.Final]
	at java.base/java.util.HashMap.forEach(HashMap.java:1421) ~[na:na]
	at org.hibernate.tool.schema.spi.SchemaManagementToolCoordinator.process(SchemaManagementToolCoordinator.java:140) ~[hibernate-core-6.2.9.Final.jar:6.2.9.Final]
	at org.hibernate.boot.internal.SessionFactoryObserverForSchemaExport.sessionFactoryCreated(SessionFactoryObserverForSchemaExport.java:37) ~[hibernate-core-6.2.9.Final.jar:6.2.9.Final]
	at org.hibernate.internal.SessionFactoryObserverChain.sessionFactoryCreated(SessionFactoryObserverChain.java:35) ~[hibernate-core-6.2.9.Final.jar:6.2.9.Final]
	at org.hibernate.internal.SessionFactoryImpl.<init>(SessionFactoryImpl.java:293) ~[hibernate-core-6.2.9.Final.jar:6.2.9.Final]
	at org.hibernate.boot.internal.SessionFactoryBuilderImpl.build(SessionFactoryBuilderImpl.java:444) ~[hibernate-core-6.2.9.Final.jar:6.2.9.Final]
	at org.hibernate.jpa.boot.internal.EntityManagerFactoryBuilderImpl.build(EntityManagerFactoryBuilderImpl.java:1455) ~[hibernate-core-6.2.9.Final.jar:6.2.9.Final]
	at org.springframework.orm.jpa.vendor.SpringHibernateJpaPersistenceProvider.createContainerEntityManagerFactory(SpringHibernateJpaPersistenceProvider.java:75) ~[spring-orm-6.0.12.jar:6.0.12]
	at org.springframework.orm.jpa.LocalContainerEntityManagerFactoryBean.createNativeEntityManagerFactory(LocalContainerEntityManagerFactoryBean.java:376) ~[spring-orm-6.0.12.jar:6.0.12]
	at org.springframework.orm.jpa.AbstractEntityManagerFactoryBean.buildNativeEntityManagerFactory(AbstractEntityManagerFactoryBean.java:409) ~[spring-orm-6.0.12.jar:6.0.12]
	at org.springframework.orm.jpa.AbstractEntityManagerFactoryBean.afterPropertiesSet(AbstractEntityManagerFactoryBean.java:396) ~[spring-orm-6.0.12.jar:6.0.12]
	at org.springframework.orm.jpa.LocalContainerEntityManagerFactoryBean.afterPropertiesSet(LocalContainerEntityManagerFactoryBean.java:352) ~[spring-orm-6.0.12.jar:6.0.12]
	at org.springframework.beans.factory.support.AbstractAutowireCapableBeanFactory.invokeInitMethods(AbstractAutowireCapableBeanFactory.java:1817) ~[spring-beans-6.0.12.jar:6.0.12]
	at org.springframework.beans.factory.support.AbstractAutowireCapableBeanFactory.initializeBean(AbstractAutowireCapableBeanFactory.java:1766) ~[spring-beans-6.0.12.jar:6.0.12]
	at org.springframework.beans.factory.support.AbstractAutowireCapableBeanFactory.doCreateBean(AbstractAutowireCapableBeanFactory.java:598) ~[spring-beans-6.0.12.jar:6.0.12]
	at org.springframework.beans.factory.support.AbstractAutowireCapableBeanFactory.createBean(AbstractAutowireCapableBeanFactory.java:520) ~[spring-beans-6.0.12.jar:6.0.12]
	at org.springframework.beans.factory.support.AbstractBeanFactory.lambda$doGetBean$0(AbstractBeanFactory.java:325) ~[spring-beans-6.0.12.jar:6.0.12]
	at org.springframework.beans.factory.support.DefaultSingletonBeanRegistry.getSingleton(DefaultSingletonBeanRegistry.java:234) ~[spring-beans-6.0.12.jar:6.0.12]
	at org.springframework.beans.factory.support.AbstractBeanFactory.doGetBean(AbstractBeanFactory.java:323) ~[spring-beans-6.0.12.jar:6.0.12]
	at org.springframework.beans.factory.support.AbstractBeanFactory.getBean(AbstractBeanFactory.java:199) ~[spring-beans-6.0.12.jar:6.0.12]
	at org.springframework.context.support.AbstractApplicationContext.getBean(AbstractApplicationContext.java:1158) ~[spring-context-6.0.12.jar:6.0.12]
	at org.springframework.context.support.AbstractApplicationContext.finishBeanFactoryInitialization(AbstractApplicationContext.java:932) ~[spring-context-6.0.12.jar:6.0.12]
	at org.springframework.context.support.AbstractApplicationContext.refresh(AbstractApplicationContext.java:608) ~[spring-context-6.0.12.jar:6.0.12]
	at org.springframework.boot.web.servlet.context.ServletWebServerApplicationContext.refresh(ServletWebServerApplicationContext.java:146) ~[spring-boot-3.1.4.jar:3.1.4]
	at org.springframework.boot.SpringApplication.refresh(SpringApplication.java:737) ~[spring-boot-3.1.4.jar:3.1.4]
	at org.springframework.boot.SpringApplication.refreshContext(SpringApplication.java:439) ~[spring-boot-3.1.4.jar:3.1.4]
	at org.springframework.boot.SpringApplication.run(SpringApplication.java:315) ~[spring-boot-3.1.4.jar:3.1.4]
	at org.springframework.boot.SpringApplication.run(SpringApplication.java:1309) ~[spring-boot-3.1.4.jar:3.1.4]
	at org.springframework.boot.SpringApplication.run(SpringApplication.java:1298) ~[spring-boot-3.1.4.jar:3.1.4]
	at com.pack.techwarehouse.TechwarehouseApplication.main(TechwarehouseApplication.java:30) ~[main/:na]
	at java.base/jdk.internal.reflect.NativeMethodAccessorImpl.invoke0(Native Method) ~[na:na]
	at java.base/jdk.internal.reflect.NativeMethodAccessorImpl.invoke(NativeMethodAccessorImpl.java:77) ~[na:na]
	at java.base/jdk.internal.reflect.DelegatingMethodAccessorImpl.invoke(DelegatingMethodAccessorImpl.java:43) ~[na:na]
	at java.base/java.lang.reflect.Method.invoke(Method.java:568) ~[na:na]
	at org.springframework.boot.devtools.restart.RestartLauncher.run(RestartLauncher.java:50) ~[spring-boot-devtools-3.1.4.jar:3.1.4]
Caused by: java.sql.SQLSyntaxErrorException: (conn=256) Unknown SEQUENCE: 'techdb.app_user_seq'
	at org.mariadb.jdbc.export.ExceptionFactory.createException(ExceptionFactory.java:282) ~[mariadb-java-client-3.1.4.jar:na]
	at org.mariadb.jdbc.export.ExceptionFactory.create(ExceptionFactory.java:370) ~[mariadb-java-client-3.1.4.jar:na]
	at org.mariadb.jdbc.message.ClientMessage.readPacket(ClientMessage.java:134) ~[mariadb-java-client-3.1.4.jar:na]
	at org.mariadb.jdbc.client.impl.StandardClient.readPacket(StandardClient.java:872) ~[mariadb-java-client-3.1.4.jar:na]
	at org.mariadb.jdbc.client.impl.StandardClient.readResults(StandardClient.java:811) ~[mariadb-java-client-3.1.4.jar:na]
	at org.mariadb.jdbc.client.impl.StandardClient.readResponse(StandardClient.java:730) ~[mariadb-java-client-3.1.4.jar:na]
	at org.mariadb.jdbc.client.impl.StandardClient.execute(StandardClient.java:654) ~[mariadb-java-client-3.1.4.jar:na]
	at org.mariadb.jdbc.Statement.executeInternal(Statement.java:957) ~[mariadb-java-client-3.1.4.jar:na]
	at org.mariadb.jdbc.Statement.execute(Statement.java:1083) ~[mariadb-java-client-3.1.4.jar:na]
	at org.mariadb.jdbc.Statement.execute(Statement.java:474) ~[mariadb-java-client-3.1.4.jar:na]
	at com.zaxxer.hikari.pool.ProxyStatement.execute(ProxyStatement.java:94) ~[HikariCP-5.0.1.jar:na]
	at com.zaxxer.hikari.pool.HikariProxyStatement.execute(HikariProxyStatement.java) ~[HikariCP-5.0.1.jar:na]
	at org.hibernate.tool.schema.internal.exec.GenerationTargetToDatabase.accept(GenerationTargetToDatabase.java:78) ~[hibernate-core-6.2.9.Final.jar:6.2.9.Final]
	... 45 common frames omitted

2025-07-21T19:21:00.930-05:00  INFO 13120 --- [restartedMain] j.LocalContainerEntityManagerFactoryBean : Initialized JPA EntityManagerFactory for persistence unit 'default'
2025-07-21T19:21:01.370-05:00  WARN 13120 --- [restartedMain] ocalVariableTableParameterNameDiscoverer : Using deprecated '-debug' fallback for parameter name resolution. Compile the affected code with '-parameters' instead or avoid its introspection: com.pack.techwarehouse.domain.AppUserRepository
2025-07-21T19:21:01.719-05:00  WARN 13120 --- [restartedMain] JpaBaseConfiguration$JpaWebConfiguration : spring.jpa.open-in-view is enabled by default. Therefore, database queries may be performed during view rendering. Explicitly configure spring.jpa.open-in-view to disable this warning
2025-07-21T19:21:01.986-05:00  INFO 13120 --- [restartedMain] o.s.s.web.DefaultSecurityFilterChain     : Will secure any request with [org.springframework.security.web.session.DisableEncodeUrlFilter@6078ae78, org.springframework.security.web.context.request.async.WebAsyncManagerIntegrationFilter@b521526, org.springframework.security.web.context.SecurityContextHolderFilter@663037d4, org.springframework.security.web.header.HeaderWriterFilter@215ddad7, org.springframework.security.web.csrf.CsrfFilter@22242f6c, org.springframework.security.web.authentication.logout.LogoutFilter@5785b13, org.springframework.security.web.authentication.UsernamePasswordAuthenticationFilter@225b7ab4, org.springframework.security.web.authentication.ui.DefaultLoginPageGeneratingFilter@6620c82f, org.springframework.security.web.authentication.ui.DefaultLogoutPageGeneratingFilter@72254022, org.springframework.security.web.authentication.www.BasicAuthenticationFilter@653c1d2f, org.springframework.security.web.savedrequest.RequestCacheAwareFilter@656c2b31, org.springframework.security.web.servletapi.SecurityContextHolderAwareRequestFilter@29e434a6, org.springframework.security.web.authentication.AnonymousAuthenticationFilter@77f5ee2c, org.springframework.security.web.access.ExceptionTranslationFilter@35bf3f6d, org.springframework.security.web.access.intercept.AuthorizationFilter@6d30de37]
2025-07-21T19:21:02.835-05:00  INFO 13120 --- [restartedMain] o.s.b.d.a.OptionalLiveReloadServer       : LiveReload server is running on port 35729
2025-07-21T19:21:02.875-05:00  INFO 13120 --- [restartedMain] o.s.b.w.embedded.tomcat.TomcatWebServer  : Tomcat started on port(s): 8080 (http) with context path ''
2025-07-21T19:21:02.895-05:00  INFO 13120 --- [restartedMain] c.p.t.TechwarehouseApplication           : Started TechwarehouseApplication in 5.419 seconds (process running for 105.187)
2025-07-21T19:21:03.064-05:00  INFO 13120 --- [restartedMain] c.p.t.TechwarehouseApplication           : serialNumber: 3f6d9c7a-e1b4-4cfe-9b4b-8fc7a556a3cz, id: 1
2025-07-21T19:21:03.065-05:00  INFO 13120 --- [restartedMain] c.p.t.TechwarehouseApplication           : serialNumber: 9f6d9c7a-a2b4-4cfe-9b4b-8fc7a556a3dk, id: 2
2025-07-21T19:21:03.066-05:00  INFO 13120 --- [restartedMain] c.p.t.TechwarehouseApplication           : serialNumber: 7d6d9c7a-a2b4-4cfe-9b4b-8fc7a556a3np, id: 3
2025-07-21T19:21:03.066-05:00  INFO 13120 --- [restartedMain] c.p.t.TechwarehouseApplication           : serialNumber: 6d6d9c7a-a2b4-4cfe-9b4b-8fc7a556a3ea, id: 4
2025-07-21T19:21:03.066-05:00  INFO 13120 --- [restartedMain] c.p.t.TechwarehouseApplication           : serialNumber: 8a6d9c7a-a2b4-4cfe-9b4b-8fc7a556a3df, id: 5
2025-07-21T19:21:03.073-05:00  INFO 13120 --- [restartedMain] .ConditionEvaluationDeltaLoggingListener : Condition evaluation unchanged
2025-07-21T19:21:10.265-05:00  INFO 13120 --- [http-nio-8080-exec-1] o.a.c.c.C.[Tomcat].[localhost].[/]       : Initializing Spring DispatcherServlet 'dispatcherServlet'
2025-07-21T19:21:10.265-05:00  INFO 13120 --- [http-nio-8080-exec-1] o.s.web.servlet.DispatcherServlet        : Initializing Servlet 'dispatcherServlet'
2025-07-21T19:21:10.266-05:00  INFO 13120 --- [http-nio-8080-exec-1] o.s.web.servlet.DispatcherServlet        : Completed initialization in 1 ms
2025-07-21T19:23:55.200-05:00  INFO 1452 --- [restartedMain] c.p.t.TechwarehouseApplication           : Starting TechwarehouseApplication using Java 17.0.12 with PID 1452 (C:\Users\vakap\Downloads\Full-Stack-Web-Deveploment\Laptop databe project\techwarehouse\bin\main started by vakap in C:\Users\vakap\Downloads\Full-Stack-Web-Deveploment\Laptop databe project\techwarehouse)
2025-07-21T19:23:55.214-05:00  INFO 1452 --- [restartedMain] c.p.t.TechwarehouseApplication           : No active profile set, falling back to 1 default profile: "default"
2025-07-21T19:23:55.506-05:00  INFO 1452 --- [restartedMain] .e.DevToolsPropertyDefaultsPostProcessor : Devtools property defaults active! Set 'spring.devtools.add-properties' to 'false' to disable
2025-07-21T19:23:55.507-05:00  INFO 1452 --- [restartedMain] .e.DevToolsPropertyDefaultsPostProcessor : For additional web related logging consider setting the 'logging.level.web' property to 'DEBUG'
2025-07-21T19:24:00.713-05:00  INFO 1452 --- [restartedMain] .s.d.r.c.RepositoryConfigurationDelegate : Bootstrapping Spring Data JPA repositories in DEFAULT mode.
2025-07-21T19:24:00.959-05:00  INFO 1452 --- [restartedMain] .s.d.r.c.RepositoryConfigurationDelegate : Finished Spring Data repository scanning in 216 ms. Found 3 JPA repository interfaces.
2025-07-21T19:24:04.517-05:00  INFO 1452 --- [restartedMain] o.s.b.w.embedded.tomcat.TomcatWebServer  : Tomcat initialized with port(s): 8080 (http)
2025-07-21T19:24:04.581-05:00  INFO 1452 --- [restartedMain] o.apache.catalina.core.StandardService   : Starting service [Tomcat]
2025-07-21T19:24:04.582-05:00  INFO 1452 --- [restartedMain] o.apache.catalina.core.StandardEngine    : Starting Servlet engine: [Apache Tomcat/10.1.13]
2025-07-21T19:24:05.094-05:00  INFO 1452 --- [restartedMain] o.a.c.c.C.[Tomcat].[localhost].[/]       : Initializing Spring embedded WebApplicationContext
2025-07-21T19:24:05.096-05:00  INFO 1452 --- [restartedMain] w.s.c.ServletWebServerApplicationContext : Root WebApplicationContext: initialization completed in 9585 ms
2025-07-21T19:24:06.118-05:00  INFO 1452 --- [restartedMain] o.hibernate.jpa.internal.util.LogHelper  : HHH000204: Processing PersistenceUnitInfo [name: default]
2025-07-21T19:24:06.757-05:00  INFO 1452 --- [restartedMain] org.hibernate.Version                    : HHH000412: Hibernate ORM core version 6.2.9.Final
2025-07-21T19:24:06.814-05:00  INFO 1452 --- [restartedMain] org.hibernate.cfg.Environment            : HHH000406: Using bytecode reflection optimizer
2025-07-21T19:24:07.987-05:00  INFO 1452 --- [restartedMain] o.h.b.i.BytecodeProviderInitiator        : HHH000021: Bytecode provider name : bytebuddy
2025-07-21T19:24:08.694-05:00  INFO 1452 --- [restartedMain] o.s.o.j.p.SpringPersistenceUnitInfo      : No LoadTimeWeaver setup: ignoring JPA class transformer
2025-07-21T19:24:08.798-05:00  INFO 1452 --- [restartedMain] com.zaxxer.hikari.HikariDataSource       : HikariPool-1 - Starting...
2025-07-21T19:24:10.078-05:00  INFO 1452 --- [restartedMain] com.zaxxer.hikari.pool.HikariPool        : HikariPool-1 - Added connection org.mariadb.jdbc.Connection@705d7247
2025-07-21T19:24:10.115-05:00  INFO 1452 --- [restartedMain] com.zaxxer.hikari.HikariDataSource       : HikariPool-1 - Start completed.
2025-07-21T19:24:12.830-05:00  INFO 1452 --- [restartedMain] o.h.b.i.BytecodeProviderInitiator        : HHH000021: Bytecode provider name : bytebuddy
2025-07-21T19:24:15.899-05:00  INFO 1452 --- [restartedMain] o.h.e.t.j.p.i.JtaPlatformInitiator       : HHH000490: Using JtaPlatform implementation: [org.hibernate.engine.transaction.jta.platform.internal.NoJtaPlatform]
2025-07-21T19:24:16.088-05:00  INFO 1452 --- [restartedMain] j.LocalContainerEntityManagerFactoryBean : Initialized JPA EntityManagerFactory for persistence unit 'default'
2025-07-21T19:24:17.262-05:00  WARN 1452 --- [restartedMain] ocalVariableTableParameterNameDiscoverer : Using deprecated '-debug' fallback for parameter name resolution. Compile the affected code with '-parameters' instead or avoid its introspection: com.pack.techwarehouse.domain.AppUserRepository
2025-07-21T19:24:18.079-05:00  WARN 1452 --- [restartedMain] JpaBaseConfiguration$JpaWebConfiguration : spring.jpa.open-in-view is enabled by default. Therefore, database queries may be performed during view rendering. Explicitly configure spring.jpa.open-in-view to disable this warning
2025-07-21T19:24:18.856-05:00  INFO 1452 --- [restartedMain] o.s.s.web.DefaultSecurityFilterChain     : Will secure any request with [org.springframework.security.web.session.DisableEncodeUrlFilter@16358369, org.springframework.security.web.context.request.async.WebAsyncManagerIntegrationFilter@718c591f, org.springframework.security.web.context.SecurityContextHolderFilter@400fb7d7, org.springframework.security.web.header.HeaderWriterFilter@1df09e30, org.springframework.security.web.csrf.CsrfFilter@6725690f, org.springframework.security.web.authentication.logout.LogoutFilter@1ac6602, org.springframework.security.web.authentication.UsernamePasswordAuthenticationFilter@560d6d32, org.springframework.security.web.authentication.ui.DefaultLoginPageGeneratingFilter@790cac18, org.springframework.security.web.authentication.ui.DefaultLogoutPageGeneratingFilter@6d9b4162, org.springframework.security.web.authentication.www.BasicAuthenticationFilter@1a6fa626, org.springframework.security.web.savedrequest.RequestCacheAwareFilter@1752fe2d, org.springframework.security.web.servletapi.SecurityContextHolderAwareRequestFilter@7f0e1934, org.springframework.security.web.authentication.AnonymousAuthenticationFilter@4f0d0c2c, org.springframework.security.web.access.ExceptionTranslationFilter@d9587fd, org.springframework.security.web.access.intercept.AuthorizationFilter@786407b4]
2025-07-21T19:24:21.562-05:00  INFO 1452 --- [restartedMain] o.s.b.d.a.OptionalLiveReloadServer       : LiveReload server is running on port 35729
2025-07-21T19:24:21.726-05:00  INFO 1452 --- [restartedMain] o.s.b.w.embedded.tomcat.TomcatWebServer  : Tomcat started on port(s): 8080 (http) with context path ''
2025-07-21T19:24:21.780-05:00  INFO 1452 --- [restartedMain] c.p.t.TechwarehouseApplication           : Started TechwarehouseApplication in 28.176 seconds (process running for 29.531)
2025-07-21T19:24:22.750-05:00  INFO 1452 --- [restartedMain] c.p.t.TechwarehouseApplication           : serialNumber: 3f6d9c7a-e1b4-4cfe-9b4b-8fc7a556a3cz, id: 1
2025-07-21T19:24:22.752-05:00  INFO 1452 --- [restartedMain] c.p.t.TechwarehouseApplication           : serialNumber: 9f6d9c7a-a2b4-4cfe-9b4b-8fc7a556a3dk, id: 2
2025-07-21T19:24:22.752-05:00  INFO 1452 --- [restartedMain] c.p.t.TechwarehouseApplication           : serialNumber: 7d6d9c7a-a2b4-4cfe-9b4b-8fc7a556a3np, id: 3
2025-07-21T19:24:22.753-05:00  INFO 1452 --- [restartedMain] c.p.t.TechwarehouseApplication           : serialNumber: 6d6d9c7a-a2b4-4cfe-9b4b-8fc7a556a3ea, id: 4
2025-07-21T19:24:22.753-05:00  INFO 1452 --- [restartedMain] c.p.t.TechwarehouseApplication           : serialNumber: 8a6d9c7a-a2b4-4cfe-9b4b-8fc7a556a3df, id: 5
2025-07-21T19:24:31.459-05:00  INFO 1452 --- [http-nio-8080-exec-3] o.a.c.c.C.[Tomcat].[localhost].[/]       : Initializing Spring DispatcherServlet 'dispatcherServlet'
2025-07-21T19:24:31.460-05:00  INFO 1452 --- [http-nio-8080-exec-3] o.s.web.servlet.DispatcherServlet        : Initializing Servlet 'dispatcherServlet'
2025-07-21T19:24:31.465-05:00  INFO 1452 --- [http-nio-8080-exec-3] o.s.web.servlet.DispatcherServlet        : Completed initialization in 5 ms
2025-07-21T19:24:52.322-05:00  INFO 1452 --- [http-nio-8080-exec-5] o.springdoc.api.AbstractOpenApiResource  : Init duration for springdoc-openapi is: 4874 ms
